<?xml version="1.0" encoding="UTF-8"?>
<testsuite xmlns:xsi="http://www.w3.org/2001/XMLSchema-instance" xsi:noNamespaceSchemaLocation="https://maven.apache.org/surefire/maven-surefire-plugin/xsd/surefire-test-report.xsd" name="org.example.CreateCourierTest" time="2.044" tests="8" errors="0" skipped="0" failures="0">
  <properties>
[...]
</properties>
  <testcase name="cannotCreateCourierWithoutFieldLoginTest" classname="org.example.CreateCourierTest" time="0.184"/>
  <testcase name="checkMessageCreateCourierTest" classname="org.example.CreateCourierTest" time="0.29"/>
  <testcase name="cannotCreateCourierWithDuplicateNameTest" classname="org.example.CreateCourierTest" time="0.36"/>
  <testcase name="cannotCreateCourierWithoutFieldLoginAndPasswordTest" classname="org.example.CreateCourierTest" time="0.193"/>
  <testcase name="canCreateCourierTest" classname="org.example.CreateCourierTest" time="0.243"/>
  <testcase name="cannotCreateDiplicateCourierTest" classname="org.example.CreateCourierTest" time="0.32"/>
  <testcase name="canCreateCourierWithoutFieldNameTest" classname="org.example.CreateCourierTest" time="0.279"/>
  <testcase name="cannotCreateCourierWithoutFieldPasswordTest" classname="org.example.CreateCourierTest" time="0.165"/>
</testsuite>